<?xml version="1.0" encoding="UTF-8"?>
<testsuite name="service.CourseServiceTest" tests="1" skipped="0" failures="0" errors="0" timestamp="2021-11-10T12:28:26" hostname="DESKTOP-RAH0F9E" time="0.006">
  <properties/>
  <testcase name="showSummaryTest" classname="service.CourseServiceTest" time="0.006"/>
  <system-out><![CDATA[]]></system-out>
  <system-err><![CDATA[]]></system-err>
</testsuite>
