<?xml version="1.0" encoding="UTF-8"?>
<testsuite name="CalculadoraTest" tests="6" skipped="0" failures="0" errors="0" timestamp="2021-11-08T14:57:01" hostname="DESKTOP-RAH0F9E" time="0.036">
  <properties/>
  <testcase name="multiplicacao()" classname="CalculadoraTest" time="0.025"/>
  <testcase name="soma()" classname="CalculadoraTest" time="0.001"/>
  <testcase name="subtracao()" classname="CalculadoraTest" time="0.001"/>
  <testcase name="potencia()" classname="CalculadoraTest" time="0.003"/>
  <testcase name="divisao()" classname="CalculadoraTest" time="0.0"/>
  <testcase name="raizquadrada()" classname="CalculadoraTest" time="0.002"/>
  <system-out><![CDATA[]]></system-out>
  <system-err><![CDATA[]]></system-err>
</testsuite>
